{"C:\\Users\\Usuario\\Desktop\\SaludYa\\backend\\src\\app.js": {"path":"C:\\Users\\Usuario\\Desktop\\SaludYa\\backend\\src\\app.js","statementMap":{"0":{"start":{"line":1,"column":16},"end":{"line":1,"column":34}},"1":{"start":{"line":2,"column":13},"end":{"line":2,"column":28}},"2":{"start":{"line":5,"column":19},"end":{"line":5,"column":50}},"3":{"start":{"line":6,"column":19},"end":{"line":6,"column":50}},"4":{"start":{"line":7,"column":29},"end":{"line":7,"column":70}},"5":{"start":{"line":8,"column":19},"end":{"line":8,"column":50}},"6":{"start":{"line":10,"column":12},"end":{"line":10,"column":21}},"7":{"start":{"line":13,"column":0},"end":{"line":13,"column":16}},"8":{"start":{"line":14,"column":0},"end":{"line":14,"column":24}},"9":{"start":{"line":17,"column":0},"end":{"line":19,"column":3}},"10":{"start":{"line":18,"column":2},"end":{"line":18,"column":41}},"11":{"start":{"line":22,"column":0},"end":{"line":22,"column":28}},"12":{"start":{"line":23,"column":0},"end":{"line":23,"column":33}},"13":{"start":{"line":26,"column":0},"end":{"line":29,"column":2}},"14":{"start":{"line":32,"column":0},"end":{"line":35,"column":2}},"15":{"start":{"line":37,"column":0},"end":{"line":37,"column":21}}},"fnMap":{"0":{"name":"(anonymous_0)","decl":{"start":{"line":17,"column":13},"end":{"line":17,"column":14}},"loc":{"start":{"line":17,"column":27},"end":{"line":19,"column":1}},"line":17}},"branchMap":{},"s":{"0":5,"1":5,"2":5,"3":5,"4":5,"5":5,"6":5,"7":5,"8":5,"9":5,"10":2,"11":5,"12":5,"13":5,"14":5,"15":5},"f":{"0":2},"b":{},"_coverageSchema":"1a1c01bbd47fc00a2c39e90264f33305004495a9","hash":"ab8d4ed490d8e160506da3f255a4f478d4c944af"}
,"C:\\Users\\Usuario\\Desktop\\SaludYa\\backend\\src\\controllers\\cita.controller.js": {"path":"C:\\Users\\Usuario\\Desktop\\SaludYa\\backend\\src\\controllers\\cita.controller.js","statementMap":{"0":{"start":{"line":1,"column":13},"end":{"line":1,"column":38}},"1":{"start":{"line":3,"column":18},"end":{"line":25,"column":1}},"2":{"start":{"line":5,"column":2},"end":{"line":23,"column":3}},"3":{"start":{"line":7,"column":17},"end":{"line":9,"column":5}},"4":{"start":{"line":11,"column":4},"end":{"line":15,"column":7}},"5":{"start":{"line":19,"column":4},"end":{"line":21,"column":7}},"6":{"start":{"line":28,"column":0},"end":{"line":48,"column":1}},"7":{"start":{"line":30,"column":2},"end":{"line":46,"column":3}},"8":{"start":{"line":33,"column":6},"end":{"line":36,"column":8}},"9":{"start":{"line":38,"column":4},"end":{"line":38,"column":20}},"10":{"start":{"line":42,"column":4},"end":{"line":44,"column":7}},"11":{"start":{"line":50,"column":27},"end":{"line":71,"column":1}},"12":{"start":{"line":52,"column":2},"end":{"line":69,"column":3}},"13":{"start":{"line":54,"column":18},"end":{"line":59,"column":6}},"14":{"start":{"line":61,"column":4},"end":{"line":61,"column":20}},"15":{"start":{"line":65,"column":4},"end":{"line":67,"column":7}},"16":{"start":{"line":73,"column":21},"end":{"line":112,"column":1}},"17":{"start":{"line":75,"column":2},"end":{"line":110,"column":3}},"18":{"start":{"line":78,"column":6},"end":{"line":90,"column":7}},"19":{"start":{"line":92,"column":4},"end":{"line":99,"column":7}},"20":{"start":{"line":103,"column":4},"end":{"line":108,"column":7}},"21":{"start":{"line":114,"column":0},"end":{"line":119,"column":2}}},"fnMap":{"0":{"name":"(anonymous_0)","decl":{"start":{"line":3,"column":18},"end":{"line":3,"column":19}},"loc":{"start":{"line":3,"column":38},"end":{"line":25,"column":1}},"line":3},"1":{"name":"(anonymous_1)","decl":{"start":{"line":28,"column":0},"end":{"line":28,"column":1}},"loc":{"start":{"line":28,"column":20},"end":{"line":48,"column":1}},"line":28},"2":{"name":"(anonymous_2)","decl":{"start":{"line":50,"column":27},"end":{"line":50,"column":28}},"loc":{"start":{"line":50,"column":47},"end":{"line":71,"column":1}},"line":50},"3":{"name":"(anonymous_3)","decl":{"start":{"line":73,"column":21},"end":{"line":73,"column":22}},"loc":{"start":{"line":73,"column":41},"end":{"line":112,"column":1}},"line":73}},"branchMap":{},"s":{"0":5,"1":5,"2":2,"3":2,"4":0,"5":0,"6":5,"7":0,"8":0,"9":0,"10":0,"11":5,"12":0,"13":0,"14":0,"15":0,"16":5,"17":0,"18":0,"19":0,"20":0,"21":5},"f":{"0":2,"1":0,"2":0,"3":0},"b":{},"_coverageSchema":"1a1c01bbd47fc00a2c39e90264f33305004495a9","hash":"d28f2a3ef543c02146004dead940d42907a0d6ff"}
,"C:\\Users\\Usuario\\Desktop\\SaludYa\\backend\\src\\controllers\\disponibilidad.controller.js": {"path":"C:\\Users\\Usuario\\Desktop\\SaludYa\\backend\\src\\controllers\\disponibilidad.controller.js","statementMap":{"0":{"start":{"line":1,"column":23},"end":{"line":1,"column":58}},"1":{"start":{"line":3,"column":30},"end":{"line":23,"column":1}},"2":{"start":{"line":5,"column":2},"end":{"line":21,"column":3}},"3":{"start":{"line":8,"column":6},"end":{"line":8,"column":43}},"4":{"start":{"line":10,"column":4},"end":{"line":13,"column":7}},"5":{"start":{"line":17,"column":4},"end":{"line":19,"column":7}},"6":{"start":{"line":26,"column":0},"end":{"line":54,"column":1}},"7":{"start":{"line":28,"column":2},"end":{"line":52,"column":3}},"8":{"start":{"line":30,"column":22},"end":{"line":30,"column":32}},"9":{"start":{"line":32,"column":16},"end":{"line":34,"column":20}},"10":{"start":{"line":37,"column":4},"end":{"line":39,"column":7}},"11":{"start":{"line":42,"column":6},"end":{"line":42,"column":42}},"12":{"start":{"line":44,"column":4},"end":{"line":44,"column":23}},"13":{"start":{"line":48,"column":4},"end":{"line":50,"column":7}},"14":{"start":{"line":56,"column":0},"end":{"line":59,"column":2}}},"fnMap":{"0":{"name":"(anonymous_0)","decl":{"start":{"line":3,"column":30},"end":{"line":3,"column":31}},"loc":{"start":{"line":3,"column":50},"end":{"line":23,"column":1}},"line":3},"1":{"name":"(anonymous_1)","decl":{"start":{"line":26,"column":0},"end":{"line":26,"column":1}},"loc":{"start":{"line":26,"column":20},"end":{"line":54,"column":1}},"line":26}},"branchMap":{},"s":{"0":5,"1":5,"2":0,"3":0,"4":0,"5":0,"6":5,"7":0,"8":0,"9":0,"10":0,"11":0,"12":0,"13":0,"14":5},"f":{"0":0,"1":0},"b":{},"_coverageSchema":"1a1c01bbd47fc00a2c39e90264f33305004495a9","hash":"83e1e874fb3f26c5d8e3e77a171b71738ae40243"}
,"C:\\Users\\Usuario\\Desktop\\SaludYa\\backend\\src\\models\\Cita.js": {"path":"C:\\Users\\Usuario\\Desktop\\SaludYa\\backend\\src\\models\\Cita.js","statementMap":{"0":{"start":{"line":1,"column":17},"end":{"line":1,"column":36}},"1":{"start":{"line":3,"column":19},"end":{"line":48,"column":2}},"2":{"start":{"line":50,"column":0},"end":{"line":53,"column":2}}},"fnMap":{},"branchMap":{},"s":{"0":5,"1":5,"2":5},"f":{},"b":{},"_coverageSchema":"1a1c01bbd47fc00a2c39e90264f33305004495a9","hash":"a74e349525c9ea504b0fedfa3fd2b70a67f4a645"}
,"C:\\Users\\Usuario\\Desktop\\SaludYa\\backend\\src\\models\\Disponibilidad.js": {"path":"C:\\Users\\Usuario\\Desktop\\SaludYa\\backend\\src\\models\\Disponibilidad.js","statementMap":{"0":{"start":{"line":1,"column":17},"end":{"line":1,"column":36}},"1":{"start":{"line":4,"column":0},"end":{"line":35,"column":2}},"2":{"start":{"line":37,"column":0},"end":{"line":40,"column":2}}},"fnMap":{},"branchMap":{},"s":{"0":5,"1":5,"2":5},"f":{},"b":{},"_coverageSchema":"1a1c01bbd47fc00a2c39e90264f33305004495a9","hash":"cf097fb2b4f087f0b0dbdf0edc832e0ab11886f0"}
,"C:\\Users\\Usuario\\Desktop\\SaludYa\\backend\\src\\models\\User.js": {"path":"C:\\Users\\Usuario\\Desktop\\SaludYa\\backend\\src\\models\\User.js","statementMap":{"0":{"start":{"line":1,"column":17},"end":{"line":1,"column":36}},"1":{"start":{"line":3,"column":19},"end":{"line":46,"column":1}},"2":{"start":{"line":48,"column":0},"end":{"line":48,"column":52}}},"fnMap":{},"branchMap":{},"s":{"0":6,"1":6,"2":6},"f":{},"b":{},"_coverageSchema":"1a1c01bbd47fc00a2c39e90264f33305004495a9","hash":"3aa7f71e4067119714073c0e45fbd388562ee6a2"}
,"C:\\Users\\Usuario\\Desktop\\SaludYa\\backend\\src\\routes\\auth.Routes.js": {"path":"C:\\Users\\Usuario\\Desktop\\SaludYa\\backend\\src\\routes\\auth.Routes.js","statementMap":{"0":{"start":{"line":1,"column":16},"end":{"line":1,"column":34}},"1":{"start":{"line":2,"column":15},"end":{"line":2,"column":31}},"2":{"start":{"line":4,"column":13},"end":{"line":4,"column":38}},"3":{"start":{"line":6,"column":0},"end":{"line":66,"column":3}},"4":{"start":{"line":7,"column":2},"end":{"line":65,"column":3}},"5":{"start":{"line":17,"column":8},"end":{"line":17,"column":16}},"6":{"start":{"line":20,"column":4},"end":{"line":27,"column":5}},"7":{"start":{"line":24,"column":6},"end":{"line":26,"column":9}},"8":{"start":{"line":29,"column":26},"end":{"line":34,"column":6}},"9":{"start":{"line":36,"column":4},"end":{"line":40,"column":5}},"10":{"start":{"line":37,"column":6},"end":{"line":39,"column":9}},"11":{"start":{"line":42,"column":25},"end":{"line":50,"column":6}},"12":{"start":{"line":52,"column":4},"end":{"line":52,"column":30}},"13":{"start":{"line":54,"column":4},"end":{"line":57,"column":7}},"14":{"start":{"line":60,"column":4},"end":{"line":60,"column":25}},"15":{"start":{"line":62,"column":4},"end":{"line":64,"column":7}},"16":{"start":{"line":68,"column":0},"end":{"line":68,"column":24}},"17":{"start":{"line":71,"column":0},"end":{"line":104,"column":3}},"18":{"start":{"line":72,"column":2},"end":{"line":103,"column":3}},"19":{"start":{"line":74,"column":36},"end":{"line":74,"column":44}},"20":{"start":{"line":76,"column":20},"end":{"line":78,"column":6}},"21":{"start":{"line":80,"column":4},"end":{"line":84,"column":5}},"22":{"start":{"line":81,"column":6},"end":{"line":83,"column":9}},"23":{"start":{"line":86,"column":4},"end":{"line":90,"column":5}},"24":{"start":{"line":87,"column":6},"end":{"line":89,"column":9}},"25":{"start":{"line":92,"column":4},"end":{"line":95,"column":7}},"26":{"start":{"line":98,"column":4},"end":{"line":98,"column":25}},"27":{"start":{"line":100,"column":4},"end":{"line":102,"column":7}}},"fnMap":{"0":{"name":"(anonymous_0)","decl":{"start":{"line":6,"column":25},"end":{"line":6,"column":26}},"loc":{"start":{"line":6,"column":45},"end":{"line":66,"column":1}},"line":6},"1":{"name":"(anonymous_1)","decl":{"start":{"line":71,"column":22},"end":{"line":71,"column":23}},"loc":{"start":{"line":71,"column":42},"end":{"line":104,"column":1}},"line":71}},"branchMap":{"0":{"loc":{"start":{"line":20,"column":4},"end":{"line":27,"column":5}},"type":"if","locations":[{"start":{"line":20,"column":4},"end":{"line":27,"column":5}},{"start":{},"end":{}}],"line":20},"1":{"loc":{"start":{"line":21,"column":6},"end":{"line":22,"column":28}},"type":"binary-expr","locations":[{"start":{"line":21,"column":6},"end":{"line":21,"column":30}},{"start":{"line":22,"column":6},"end":{"line":22,"column":28}}],"line":21},"2":{"loc":{"start":{"line":36,"column":4},"end":{"line":40,"column":5}},"type":"if","locations":[{"start":{"line":36,"column":4},"end":{"line":40,"column":5}},{"start":{},"end":{}}],"line":36},"3":{"loc":{"start":{"line":80,"column":4},"end":{"line":84,"column":5}},"type":"if","locations":[{"start":{"line":80,"column":4},"end":{"line":84,"column":5}},{"start":{},"end":{}}],"line":80},"4":{"loc":{"start":{"line":86,"column":4},"end":{"line":90,"column":5}},"type":"if","locations":[{"start":{"line":86,"column":4},"end":{"line":90,"column":5}},{"start":{},"end":{}}],"line":86}},"s":{"0":5,"1":5,"2":5,"3":5,"4":1,"5":1,"6":1,"7":0,"8":1,"9":0,"10":0,"11":0,"12":0,"13":0,"14":0,"15":0,"16":5,"17":5,"18":0,"19":0,"20":0,"21":0,"22":0,"23":0,"24":0,"25":0,"26":0,"27":0},"f":{"0":1,"1":0},"b":{"0":[0,1],"1":[1,0],"2":[0,0],"3":[0,0],"4":[0,0]},"_coverageSchema":"1a1c01bbd47fc00a2c39e90264f33305004495a9","hash":"f7b197a1bd42b8c7e88e60230c090f81f9b042b1"}
,"C:\\Users\\Usuario\\Desktop\\SaludYa\\backend\\src\\routes\\cita.routes.js": {"path":"C:\\Users\\Usuario\\Desktop\\SaludYa\\backend\\src\\routes\\cita.routes.js","statementMap":{"0":{"start":{"line":1,"column":16},"end":{"line":1,"column":34}},"1":{"start":{"line":3,"column":15},"end":{"line":3,"column":31}},"2":{"start":{"line":6,"column":13},"end":{"line":6,"column":38}},"3":{"start":{"line":15,"column":4},"end":{"line":15,"column":45}},"4":{"start":{"line":17,"column":0},"end":{"line":20,"column":2}},"5":{"start":{"line":23,"column":0},"end":{"line":26,"column":2}},"6":{"start":{"line":28,"column":0},"end":{"line":31,"column":2}},"7":{"start":{"line":33,"column":0},"end":{"line":36,"column":2}},"8":{"start":{"line":38,"column":0},"end":{"line":58,"column":3}},"9":{"start":{"line":40,"column":2},"end":{"line":56,"column":3}},"10":{"start":{"line":42,"column":4},"end":{"line":44,"column":6}},"11":{"start":{"line":46,"column":4},"end":{"line":48,"column":7}},"12":{"start":{"line":52,"column":4},"end":{"line":54,"column":7}},"13":{"start":{"line":60,"column":0},"end":{"line":60,"column":24}}},"fnMap":{"0":{"name":"(anonymous_0)","decl":{"start":{"line":38,"column":22},"end":{"line":38,"column":23}},"loc":{"start":{"line":38,"column":42},"end":{"line":58,"column":1}},"line":38}},"branchMap":{},"s":{"0":5,"1":5,"2":5,"3":5,"4":5,"5":5,"6":5,"7":5,"8":5,"9":0,"10":0,"11":0,"12":0,"13":5},"f":{"0":0},"b":{},"_coverageSchema":"1a1c01bbd47fc00a2c39e90264f33305004495a9","hash":"2109dfb9ed4a876e9c8ce56227258fd968d06f4e"}
,"C:\\Users\\Usuario\\Desktop\\SaludYa\\backend\\src\\routes\\disponibilidad.routes.js": {"path":"C:\\Users\\Usuario\\Desktop\\SaludYa\\backend\\src\\routes\\disponibilidad.routes.js","statementMap":{"0":{"start":{"line":1,"column":16},"end":{"line":1,"column":34}},"1":{"start":{"line":2,"column":15},"end":{"line":2,"column":31}},"2":{"start":{"line":7,"column":4},"end":{"line":9,"column":1}},"3":{"start":{"line":11,"column":0},"end":{"line":14,"column":2}},"4":{"start":{"line":16,"column":0},"end":{"line":19,"column":2}},"5":{"start":{"line":21,"column":0},"end":{"line":21,"column":24}}},"fnMap":{},"branchMap":{},"s":{"0":5,"1":5,"2":5,"3":5,"4":5,"5":5},"f":{},"b":{},"_coverageSchema":"1a1c01bbd47fc00a2c39e90264f33305004495a9","hash":"29b91cd87291afb000ab7ab679984719131c5182"}
,"C:\\Users\\Usuario\\Desktop\\SaludYa\\backend\\src\\routes\\test.Routes.js": {"path":"C:\\Users\\Usuario\\Desktop\\SaludYa\\backend\\src\\routes\\test.Routes.js","statementMap":{"0":{"start":{"line":1,"column":16},"end":{"line":1,"column":34}},"1":{"start":{"line":2,"column":15},"end":{"line":2,"column":31}},"2":{"start":{"line":3,"column":13},"end":{"line":3,"column":38}},"3":{"start":{"line":6,"column":0},"end":{"line":15,"column":3}},"4":{"start":{"line":7,"column":15},"end":{"line":10,"column":4}},"5":{"start":{"line":12,"column":2},"end":{"line":12,"column":20}},"6":{"start":{"line":14,"column":2},"end":{"line":14,"column":32}},"7":{"start":{"line":17,"column":0},"end":{"line":17,"column":24}}},"fnMap":{"0":{"name":"(anonymous_0)","decl":{"start":{"line":6,"column":21},"end":{"line":6,"column":22}},"loc":{"start":{"line":6,"column":41},"end":{"line":15,"column":1}},"line":6}},"branchMap":{},"s":{"0":5,"1":5,"2":5,"3":5,"4":0,"5":0,"6":0,"7":5},"f":{"0":0},"b":{},"_coverageSchema":"1a1c01bbd47fc00a2c39e90264f33305004495a9","hash":"3c9569df768b390312e0251ab9bf373337fa66a0"}
}
