TN:
SF:src\app.js
FN:17,(anonymous_0)
FNF:1
FNH:1
FNDA:2,(anonymous_0)
DA:1,5
DA:2,5
DA:5,5
DA:6,5
DA:7,5
DA:8,5
DA:10,5
DA:13,5
DA:14,5
DA:17,5
DA:18,2
DA:22,5
DA:23,5
DA:26,5
DA:32,5
DA:37,5
LF:16
LH:16
BRF:0
BRH:0
end_of_record
TN:
SF:src\controllers\cita.controller.js
FN:3,(anonymous_0)
FN:28,(anonymous_1)
FN:50,(anonymous_2)
FN:73,(anonymous_3)
FNF:4
FNH:1
FNDA:2,(anonymous_0)
FNDA:0,(anonymous_1)
FNDA:0,(anonymous_2)
FNDA:0,(anonymous_3)
DA:1,5
DA:3,5
DA:5,2
DA:7,2
DA:11,0
DA:19,0
DA:28,5
DA:30,0
DA:33,0
DA:38,0
DA:42,0
DA:50,5
DA:52,0
DA:54,0
DA:61,0
DA:65,0
DA:73,5
DA:75,0
DA:78,0
DA:92,0
DA:103,0
DA:114,5
LF:22
LH:8
BRF:0
BRH:0
end_of_record
TN:
SF:src\controllers\disponibilidad.controller.js
FN:3,(anonymous_0)
FN:26,(anonymous_1)
FNF:2
FNH:0
FNDA:0,(anonymous_0)
FNDA:0,(anonymous_1)
DA:1,5
DA:3,5
DA:5,0
DA:8,0
DA:10,0
DA:17,0
DA:26,5
DA:28,0
DA:30,0
DA:32,0
DA:37,0
DA:42,0
DA:44,0
DA:48,0
DA:56,5
LF:15
LH:4
BRF:0
BRH:0
end_of_record
TN:
SF:src\models\Cita.js
FNF:0
FNH:0
DA:1,5
DA:3,5
DA:50,5
LF:3
LH:3
BRF:0
BRH:0
end_of_record
TN:
SF:src\models\Disponibilidad.js
FNF:0
FNH:0
DA:1,5
DA:4,5
DA:37,5
LF:3
LH:3
BRF:0
BRH:0
end_of_record
TN:
SF:src\models\User.js
FNF:0
FNH:0
DA:1,6
DA:3,6
DA:48,6
LF:3
LH:3
BRF:0
BRH:0
end_of_record
TN:
SF:src\routes\auth.Routes.js
FN:6,(anonymous_0)
FN:71,(anonymous_1)
FNF:2
FNH:1
FNDA:1,(anonymous_0)
FNDA:0,(anonymous_1)
DA:1,5
DA:2,5
DA:4,5
DA:6,5
DA:7,1
DA:17,1
DA:20,1
DA:24,0
DA:29,1
DA:36,0
DA:37,0
DA:42,0
DA:52,0
DA:54,0
DA:60,0
DA:62,0
DA:68,5
DA:71,5
DA:72,0
DA:74,0
DA:76,0
DA:80,0
DA:81,0
DA:86,0
DA:87,0
DA:92,0
DA:98,0
DA:100,0
LF:28
LH:10
BRDA:20,0,0,0
BRDA:20,0,1,1
BRDA:21,1,0,1
BRDA:21,1,1,0
BRDA:36,2,0,0
BRDA:36,2,1,0
BRDA:80,3,0,0
BRDA:80,3,1,0
BRDA:86,4,0,0
BRDA:86,4,1,0
BRF:10
BRH:2
end_of_record
TN:
SF:src\routes\cita.routes.js
FN:38,(anonymous_0)
FNF:1
FNH:0
FNDA:0,(anonymous_0)
DA:1,5
DA:3,5
DA:6,5
DA:15,5
DA:17,5
DA:23,5
DA:28,5
DA:33,5
DA:38,5
DA:40,0
DA:42,0
DA:46,0
DA:52,0
DA:60,5
LF:14
LH:10
BRF:0
BRH:0
end_of_record
TN:
SF:src\routes\disponibilidad.routes.js
FNF:0
FNH:0
DA:1,5
DA:2,5
DA:7,5
DA:11,5
DA:16,5
DA:21,5
LF:6
LH:6
BRF:0
BRH:0
end_of_record
TN:
SF:src\routes\test.Routes.js
FN:6,(anonymous_0)
FNF:1
FNH:0
FNDA:0,(anonymous_0)
DA:1,5
DA:2,5
DA:3,5
DA:6,5
DA:7,0
DA:12,0
DA:14,0
DA:17,5
LF:8
LH:5
BRF:0
BRH:0
end_of_record
